2023-07-30 03:17:28,626 - INFO - All files deleted in F:\gitlab\DIIM/res/data/ISWC_workshop_2023/output
2023-07-30 03:17:28,627 - INFO - Does not exists: F:\gitlab\DIIM/res/data/ISWC_workshop_2023/output
2023-07-30 03:17:28,627 - INFO - Created: F:\gitlab\DIIM/res/data/ISWC_workshop_2023/output
2023-07-30 03:17:28,627 - INFO - Exists: F:\gitlab\DIIM/res/data/ISWC_workshop_2023/output
2023-07-30 03:17:28,628 - INFO - Does not exists: F:\gitlab\DIIM/res/data/ISWC_workshop_2023/output/store
2023-07-30 03:17:28,628 - INFO - Created: F:\gitlab\DIIM/res/data/ISWC_workshop_2023/output/store
2023-07-30 03:17:28,628 - INFO - Exists: F:\gitlab\DIIM/res/data/ISWC_workshop_2023/output/store
2023-07-30 03:17:28,629 - INFO - Does not exists: F:\gitlab\DIIM/res/data/ISWC_workshop_2023/output/store/corpora
2023-07-30 03:17:28,630 - INFO - Created: F:\gitlab\DIIM/res/data/ISWC_workshop_2023/output/store/corpora
2023-07-30 03:17:28,630 - INFO - Exists: F:\gitlab\DIIM/res/data/ISWC_workshop_2023/output/store/corpora
2023-07-30 03:17:28,630 - INFO - Does not exists: F:\gitlab\DIIM/res/data/ISWC_workshop_2023/output/store/corpora/onto
2023-07-30 03:17:28,630 - INFO - Created: F:\gitlab\DIIM/res/data/ISWC_workshop_2023/output/store/corpora/onto
2023-07-30 03:17:28,631 - INFO - Exists: F:\gitlab\DIIM/res/data/ISWC_workshop_2023/output/store/corpora/onto
2023-07-30 03:17:28,631 - INFO - Does not exists: F:\gitlab\DIIM/res/data/ISWC_workshop_2023/output/store/corpora/iot
2023-07-30 03:17:28,631 - INFO - Created: F:\gitlab\DIIM/res/data/ISWC_workshop_2023/output/store/corpora/iot
2023-07-30 03:17:28,631 - INFO - Exists: F:\gitlab\DIIM/res/data/ISWC_workshop_2023/output/store/corpora/iot
2023-07-30 03:17:28,632 - INFO - Does not exists: F:\gitlab\DIIM/res/data/ISWC_workshop_2023/output/lsi
2023-07-30 03:17:28,632 - INFO - Created: F:\gitlab\DIIM/res/data/ISWC_workshop_2023/output/lsi
2023-07-30 03:17:28,632 - INFO - Exists: F:\gitlab\DIIM/res/data/ISWC_workshop_2023/output/lsi
2023-07-30 03:17:28,632 - INFO - Does not exists: F:\gitlab\DIIM/res/data/ISWC_workshop_2023/output/lsi/onto
2023-07-30 03:17:28,633 - INFO - Created: F:\gitlab\DIIM/res/data/ISWC_workshop_2023/output/lsi/onto
2023-07-30 03:17:28,633 - INFO - Exists: F:\gitlab\DIIM/res/data/ISWC_workshop_2023/output/lsi/onto
2023-07-30 03:17:28,633 - INFO - Does not exists: F:\gitlab\DIIM/res/data/ISWC_workshop_2023/output/lsi/iot
2023-07-30 03:17:28,634 - INFO - Created: F:\gitlab\DIIM/res/data/ISWC_workshop_2023/output/lsi/iot
2023-07-30 03:17:28,634 - INFO - Exists: F:\gitlab\DIIM/res/data/ISWC_workshop_2023/output/lsi/iot
2023-07-30 03:17:28,634 - INFO - Does not exists: F:\gitlab\DIIM/res/data/ISWC_workshop_2023/output/store/dict
2023-07-30 03:17:28,635 - INFO - Created: F:\gitlab\DIIM/res/data/ISWC_workshop_2023/output/store/dict
2023-07-30 03:17:28,635 - INFO - Exists: F:\gitlab\DIIM/res/data/ISWC_workshop_2023/output/store/dict
2023-07-30 03:17:28,635 - INFO - Does not exists: F:\gitlab\DIIM/res/data/ISWC_workshop_2023/output/store/dict/onto
2023-07-30 03:17:28,635 - INFO - Created: F:\gitlab\DIIM/res/data/ISWC_workshop_2023/output/store/dict/onto
2023-07-30 03:17:28,636 - INFO - Exists: F:\gitlab\DIIM/res/data/ISWC_workshop_2023/output/store/dict/onto
2023-07-30 03:17:28,636 - INFO - Does not exists: F:\gitlab\DIIM/res/data/ISWC_workshop_2023/output/store/dict/iot
2023-07-30 03:17:28,636 - INFO - Created: F:\gitlab\DIIM/res/data/ISWC_workshop_2023/output/store/dict/iot
2023-07-30 03:17:28,636 - INFO - Exists: F:\gitlab\DIIM/res/data/ISWC_workshop_2023/output/store/dict/iot
2023-07-30 03:17:28,637 - INFO - Does not exists: F:\gitlab\DIIM/res/data/ISWC_workshop_2023/output/store/df
2023-07-30 03:17:28,637 - INFO - Created: F:\gitlab\DIIM/res/data/ISWC_workshop_2023/output/store/df
2023-07-30 03:17:28,637 - INFO - Exists: F:\gitlab\DIIM/res/data/ISWC_workshop_2023/output/store/df
2023-07-30 03:17:28,637 - INFO - Does not exists: F:\gitlab\DIIM/res/data/ISWC_workshop_2023/output/store/wv
2023-07-30 03:17:28,638 - INFO - Created: F:\gitlab\DIIM/res/data/ISWC_workshop_2023/output/store/wv
2023-07-30 03:17:28,638 - INFO - Exists: F:\gitlab\DIIM/res/data/ISWC_workshop_2023/output/store/wv
2023-07-30 03:17:28,638 - INFO - Does not exists: F:\gitlab\DIIM/res/data/ISWC_workshop_2023/output/store/sim
2023-07-30 03:17:28,639 - INFO - Created: F:\gitlab\DIIM/res/data/ISWC_workshop_2023/output/store/sim
2023-07-30 03:17:28,639 - INFO - Exists: F:\gitlab\DIIM/res/data/ISWC_workshop_2023/output/store/sim
2023-07-30 03:17:28,639 - INFO - Does not exists: F:\gitlab\DIIM/res/data/ISWC_workshop_2023/output/store/sim/kg
2023-07-30 03:17:28,639 - INFO - Created: F:\gitlab\DIIM/res/data/ISWC_workshop_2023/output/store/sim/kg
2023-07-30 03:17:28,640 - INFO - Exists: F:\gitlab\DIIM/res/data/ISWC_workshop_2023/output/store/sim/kg
2023-07-30 03:17:28,640 - INFO - Does not exists: F:\gitlab\DIIM/res/data/ISWC_workshop_2023/output/store/img
2023-07-30 03:17:28,640 - INFO - Created: F:\gitlab\DIIM/res/data/ISWC_workshop_2023/output/store/img
2023-07-30 03:17:28,640 - INFO - Exists: F:\gitlab\DIIM/res/data/ISWC_workshop_2023/output/store/img
2023-07-30 03:17:28,641 - INFO - Does not exists: F:\gitlab\DIIM/res/data/ISWC_workshop_2023/output/tmp
2023-07-30 03:17:28,641 - INFO - Created: F:\gitlab\DIIM/res/data/ISWC_workshop_2023/output/tmp
2023-07-30 03:17:28,641 - INFO - Exists: F:\gitlab\DIIM/res/data/ISWC_workshop_2023/output/tmp
2023-07-30 03:17:28,641 - INFO - Current working directory: F:\gitlab\DIIM
2023-07-30 03:17:28,641 - INFO - Trying to load stored DIIM Data from F:\gitlab\DIIM/res/data/ISWC_workshop_2023/output/store
2023-07-30 03:17:28,642 - INFO - Initializing DIIM Ontos corpus_raw from F:\gitlab\DIIM/res/data/ISWC_workshop_2023/input/ontos
2023-07-30 03:17:28,642 - INFO - Trying to load stored DIIM Dataframe corpus raw from F:\gitlab\DIIM\res\data\ISWC_workshop_2023\output\store\df\GOIoTP_DF_Corpus_raw.pkl
2023-07-30 03:17:28,642 - INFO -  file not found!
2023-07-30 03:17:28,642 - INFO - Building Dataframe corpus raw from F:\gitlab\DIIM\res\data\ISWC_workshop_2023\output\store\df\GOIoTP_DF_Corpus_raw.pkl
2023-07-30 03:17:28,643 - INFO - Looking for input data in dir F:\gitlab\DIIM\res\data\ISWC_workshop_2023\input\ontos\GOIoTP
2023-07-30 03:17:28,643 - INFO - Creating corpus from F:\gitlab\DIIM\res\data\ISWC_workshop_2023\input\ontos\GOIoTP\GOIoTP.rdf
2023-07-30 03:17:28,793 - INFO - Trying to load stored DIIM Dataframe corpus raw from F:\gitlab\DIIM\res\data\ISWC_workshop_2023\output\store\df\SNN_DF_Corpus_raw.pkl
2023-07-30 03:17:28,794 - INFO -  file not found!
2023-07-30 03:17:28,794 - INFO - Building Dataframe corpus raw from F:\gitlab\DIIM\res\data\ISWC_workshop_2023\output\store\df\SNN_DF_Corpus_raw.pkl
2023-07-30 03:17:28,794 - INFO - Looking for input data in dir F:\gitlab\DIIM\res\data\ISWC_workshop_2023\input\ontos\SNN
2023-07-30 03:17:28,794 - INFO - Creating corpus from F:\gitlab\DIIM\res\data\ISWC_workshop_2023\input\ontos\SNN\ssn.owl
2023-07-30 03:17:29,116 - INFO - Trying to load stored DIIM Dataframe corpus raw from F:\gitlab\DIIM\res\data\ISWC_workshop_2023\output\store\df\WatERPOntology_DF_Corpus_raw.pkl
2023-07-30 03:17:29,117 - INFO -  file not found!
2023-07-30 03:17:29,117 - INFO - Building Dataframe corpus raw from F:\gitlab\DIIM\res\data\ISWC_workshop_2023\output\store\df\WatERPOntology_DF_Corpus_raw.pkl
2023-07-30 03:17:29,117 - INFO - Looking for input data in dir F:\gitlab\DIIM\res\data\ISWC_workshop_2023\input\ontos\WatERPOntology
2023-07-30 03:17:29,118 - INFO - Creating corpus from F:\gitlab\DIIM\res\data\ISWC_workshop_2023\input\ontos\WatERPOntology\WatERPOntology.owl
2023-07-30 03:17:30,684 - INFO - Trying to load stored DIIM Dataframe corpus from F:\gitlab\DIIM\res\data\ISWC_workshop_2023\output\store\df\GOIoTP_DF_Corpus.pkl
2023-07-30 03:17:30,684 - INFO -  file not found!
2023-07-30 03:17:30,684 - INFO - Building Dataframe corpus raw from F:\gitlab\DIIM\res\data\ISWC_workshop_2023\output\store\df\GOIoTP_DF_Corpus.pkl
2023-07-30 03:17:30,705 - INFO -  saving cleaned DF Corpus to F:\gitlab\DIIM\res\data\ISWC_workshop_2023\output\store\df\GOIoTP_DF_Corpus.pkl
2023-07-30 03:17:30,720 - INFO - Trying to load stored DIIM Dataframe corpus from F:\gitlab\DIIM\res\data\ISWC_workshop_2023\output\store\df\SNN_DF_Corpus.pkl
2023-07-30 03:17:30,720 - INFO -  file not found!
2023-07-30 03:17:30,720 - INFO - Building Dataframe corpus raw from F:\gitlab\DIIM\res\data\ISWC_workshop_2023\output\store\df\SNN_DF_Corpus.pkl
2023-07-30 03:17:30,766 - INFO -  saving cleaned DF Corpus to F:\gitlab\DIIM\res\data\ISWC_workshop_2023\output\store\df\SNN_DF_Corpus.pkl
2023-07-30 03:17:30,798 - INFO - Trying to load stored DIIM Dataframe corpus from F:\gitlab\DIIM\res\data\ISWC_workshop_2023\output\store\df\WatERPOntology_DF_Corpus.pkl
2023-07-30 03:17:30,798 - INFO -  file not found!
2023-07-30 03:17:30,798 - INFO - Building Dataframe corpus raw from F:\gitlab\DIIM\res\data\ISWC_workshop_2023\output\store\df\WatERPOntology_DF_Corpus.pkl
2023-07-30 03:17:30,988 - INFO -  saving cleaned DF Corpus to F:\gitlab\DIIM\res\data\ISWC_workshop_2023\output\store\df\WatERPOntology_DF_Corpus.pkl
2023-07-30 03:17:31,318 - INFO - Initializing DIIM IoT DataFrame corpus raw from F:\gitlab\DIIM/res/data/ISWC_workshop_2023/input/iot
2023-07-30 03:17:31,319 - INFO - Trying to load stored DIIM IoT Dataframe corpus raw from F:\gitlab\DIIM\res\data\ISWC_workshop_2023\output\store\df\KaaIoTData_IoT_DF_Corpus_raw.pkl
2023-07-30 03:17:31,319 - INFO -  file not found!
2023-07-30 03:17:31,327 - INFO - Looking for input data in dir F:\gitlab\DIIM\res\data\ISWC_workshop_2023\input\iot\KaaIoTData
2023-07-30 03:17:31,328 - INFO - Creating corpus from F:\gitlab\DIIM\res\data\ISWC_workshop_2023\input\iot\KaaIoTData\KaaIoTData.small.json
2023-07-30 03:17:31,357 - INFO - Initializing DIIM IoT DataFrame corpus from F:\gitlab\DIIM/res/data/ISWC_workshop_2023/input/iot
2023-07-30 03:17:31,357 - INFO - Trying to load stored DIIM IoT Dataframe corpus from F:\gitlab\DIIM\res\data\ISWC_workshop_2023\output\store\df\KaaIoTData_IoT_DF_Corpus.pkl
2023-07-30 03:17:31,358 - INFO -  file not found!
2023-07-30 03:17:31,358 - INFO - Building IoT Dataframe corpus raw from F:\gitlab\DIIM\res\data\ISWC_workshop_2023\output\store\df\KaaIoTData_IoT_DF_Corpus.pkl
2023-07-30 03:17:31,365 - INFO -  saving cleaned IoT DF Corpus to F:\gitlab\DIIM\res\data\ISWC_workshop_2023\output\store\df\KaaIoTData_IoT_DF_Corpus.pkl
2023-07-30 03:17:31,370 - INFO -  loading of IoT Dataframe corpus done!
2023-07-30 03:17:31,371 - INFO - loading of DIIM DATA done!
2023-07-30 03:17:31,371 - INFO - Starting visualization of DIIM data ...
2023-07-30 03:17:31,371 - INFO - 402
2023-07-30 03:17:38,644 - INFO - 402
2023-07-30 03:17:45,908 - INFO - 667
2023-07-30 03:17:57,322 - INFO - Visualization of DIIM data done!
2023-07-30 03:17:57,322 - INFO - Starting loading of DIIM data ...
2023-07-30 03:17:57,791 - INFO - {'GOIoTP_KaaIoTData_description': [('device', 0.9996758103370667), ('entities', 0.9996622204780579), ('comment', 0.9996606111526489), ('smart', 0.9996235966682434), ('example', 0.9995884299278259), ('entity', 0.9995752573013306), ('core', 0.999528706073761), ('making', 0.9995186924934387), ('actuation', 0.9995172619819641), ('skos', 0.9995021820068359)]}
2023-07-30 03:17:57,821 - INFO - {'GOIoTP_KaaIoTData_description': [('device', 0.9996758103370667), ('entities', 0.9996622204780579), ('comment', 0.9996606111526489), ('smart', 0.9996235966682434), ('example', 0.9995884299278259), ('entity', 0.9995752573013306), ('core', 0.999528706073761), ('making', 0.9995186924934387), ('actuation', 0.9995172619819641), ('skos', 0.9995021820068359)], 'GOIoTP_KaaIoTData_temperature': [('entity', 0.9993777275085449), ('actuation', 0.9992967844009399), ('device', 0.9992927312850952), ('observation', 0.9992895126342773), ('comment', 0.9992710947990417), ('smart', 0.9992267489433289), ('http', 0.9992265105247498), ('core', 0.9991766810417175), ('example', 0.9991719722747803), ('activity', 0.9991582036018372)]}
2023-07-30 03:17:57,846 - INFO - {'GOIoTP_KaaIoTData_description': [('device', 0.9996758103370667), ('entities', 0.9996622204780579), ('comment', 0.9996606111526489), ('smart', 0.9996235966682434), ('example', 0.9995884299278259), ('entity', 0.9995752573013306), ('core', 0.999528706073761), ('making', 0.9995186924934387), ('actuation', 0.9995172619819641), ('skos', 0.9995021820068359)], 'GOIoTP_KaaIoTData_temperature': [('entity', 0.9993777275085449), ('actuation', 0.9992967844009399), ('device', 0.9992927312850952), ('observation', 0.9992895126342773), ('comment', 0.9992710947990417), ('smart', 0.9992267489433289), ('http', 0.9992265105247498), ('core', 0.9991766810417175), ('example', 0.9991719722747803), ('activity', 0.9991582036018372)], 'GOIoTP_KaaIoTData_name': [('description', 0.9982954263687134), ('prefix', 0.9982163310050964), ('sensor', 0.998174786567688), ('smart', 0.9981611371040344), ('project', 0.9981566667556763), ('device', 0.9981525540351868), ('comment', 0.9981207251548767), ('making', 0.9980543851852417), ('truck', 0.9980394840240479), ('example', 0.9980318546295166)]}
2023-07-30 03:17:57,879 - INFO - {'GOIoTP_KaaIoTData_description': [('device', 0.9996758103370667), ('entities', 0.9996622204780579), ('comment', 0.9996606111526489), ('smart', 0.9996235966682434), ('example', 0.9995884299278259), ('entity', 0.9995752573013306), ('core', 0.999528706073761), ('making', 0.9995186924934387), ('actuation', 0.9995172619819641), ('skos', 0.9995021820068359)], 'GOIoTP_KaaIoTData_temperature': [('entity', 0.9993777275085449), ('actuation', 0.9992967844009399), ('device', 0.9992927312850952), ('observation', 0.9992895126342773), ('comment', 0.9992710947990417), ('smart', 0.9992267489433289), ('http', 0.9992265105247498), ('core', 0.9991766810417175), ('example', 0.9991719722747803), ('activity', 0.9991582036018372)], 'GOIoTP_KaaIoTData_name': [('description', 0.9982954263687134), ('prefix', 0.9982163310050964), ('sensor', 0.998174786567688), ('smart', 0.9981611371040344), ('project', 0.9981566667556763), ('device', 0.9981525540351868), ('comment', 0.9981207251548767), ('making', 0.9980543851852417), ('truck', 0.9980394840240479), ('example', 0.9980318546295166)], 'GOIoTP_KaaIoTData_values': [('classes', 0.3550916910171509), ('vocabulary', 0.3323603868484497), ('versioninfo', 0.3201250731945038), ('hasdescription', 0.3179854452610016), ('hasserviceinterface', 0.31713882088661194), ('platformcomponent', 0.3162893056869507), ('implements', 0.3154580891132355), ('modified', 0.30792784690856934), ('contact', 0.30685219168663025), ('hassemantics', 0.29174864292144775)]}
2023-07-30 03:17:57,929 - INFO - {'GOIoTP_KaaIoTData_description': [('device', 0.9996758103370667), ('entities', 0.9996622204780579), ('comment', 0.9996606111526489), ('smart', 0.9996235966682434), ('example', 0.9995884299278259), ('entity', 0.9995752573013306), ('core', 0.999528706073761), ('making', 0.9995186924934387), ('actuation', 0.9995172619819641), ('skos', 0.9995021820068359)], 'GOIoTP_KaaIoTData_temperature': [('entity', 0.9993777275085449), ('actuation', 0.9992967844009399), ('device', 0.9992927312850952), ('observation', 0.9992895126342773), ('comment', 0.9992710947990417), ('smart', 0.9992267489433289), ('http', 0.9992265105247498), ('core', 0.9991766810417175), ('example', 0.9991719722747803), ('activity', 0.9991582036018372)], 'GOIoTP_KaaIoTData_name': [('description', 0.9982954263687134), ('prefix', 0.9982163310050964), ('sensor', 0.998174786567688), ('smart', 0.9981611371040344), ('project', 0.9981566667556763), ('device', 0.9981525540351868), ('comment', 0.9981207251548767), ('making', 0.9980543851852417), ('truck', 0.9980394840240479), ('example', 0.9980318546295166)], 'GOIoTP_KaaIoTData_values': [('classes', 0.3550916910171509), ('vocabulary', 0.3323603868484497), ('versioninfo', 0.3201250731945038), ('hasdescription', 0.3179854452610016), ('hasserviceinterface', 0.31713882088661194), ('platformcomponent', 0.3162893056869507), ('implements', 0.3154580891132355), ('modified', 0.30792784690856934), ('contact', 0.30685219168663025), ('hassemantics', 0.29174864292144775)], 'GOIoTP_KaaIoTData_sensor': [('description', 0.9994522929191589), ('device', 0.9993744492530823), ('comment', 0.9993726015090942), ('entity', 0.9993550777435303), ('smart', 0.9993282556533813), ('entities', 0.9993276596069336), ('example', 0.9993087649345398), ('prefix', 0.9992552399635315), ('core', 0.9992328882217407), ('making', 0.9991874694824219)]}
2023-07-30 03:17:58,007 - INFO - {'SNN_KaaIoTData_description': [('device', 0.9996758103370667), ('entities', 0.9996622204780579), ('comment', 0.9996606111526489), ('smart', 0.9996235966682434), ('example', 0.9995884299278259), ('entity', 0.9995752573013306), ('core', 0.999528706073761), ('making', 0.9995186924934387), ('actuation', 0.9995172619819641), ('skos', 0.9995021820068359)]}
2023-07-30 03:17:58,026 - INFO - {'SNN_KaaIoTData_description': [('device', 0.9996758103370667), ('entities', 0.9996622204780579), ('comment', 0.9996606111526489), ('smart', 0.9996235966682434), ('example', 0.9995884299278259), ('entity', 0.9995752573013306), ('core', 0.999528706073761), ('making', 0.9995186924934387), ('actuation', 0.9995172619819641), ('skos', 0.9995021820068359)], 'SNN_KaaIoTData_temperature': [('entity', 0.9993777275085449), ('actuation', 0.9992967844009399), ('device', 0.9992927312850952), ('observation', 0.9992895126342773), ('comment', 0.9992710947990417), ('smart', 0.9992267489433289), ('http', 0.9992265105247498), ('core', 0.9991766810417175), ('example', 0.9991719722747803), ('activity', 0.9991582036018372)]}
2023-07-30 03:17:58,049 - INFO - {'SNN_KaaIoTData_description': [('device', 0.9996758103370667), ('entities', 0.9996622204780579), ('comment', 0.9996606111526489), ('smart', 0.9996235966682434), ('example', 0.9995884299278259), ('entity', 0.9995752573013306), ('core', 0.999528706073761), ('making', 0.9995186924934387), ('actuation', 0.9995172619819641), ('skos', 0.9995021820068359)], 'SNN_KaaIoTData_temperature': [('entity', 0.9993777275085449), ('actuation', 0.9992967844009399), ('device', 0.9992927312850952), ('observation', 0.9992895126342773), ('comment', 0.9992710947990417), ('smart', 0.9992267489433289), ('http', 0.9992265105247498), ('core', 0.9991766810417175), ('example', 0.9991719722747803), ('activity', 0.9991582036018372)], 'SNN_KaaIoTData_name': [('description', 0.9982954263687134), ('prefix', 0.9982163310050964), ('sensor', 0.998174786567688), ('smart', 0.9981611371040344), ('project', 0.9981566667556763), ('device', 0.9981525540351868), ('comment', 0.9981207251548767), ('making', 0.9980543851852417), ('truck', 0.9980394840240479), ('example', 0.9980318546295166)]}
2023-07-30 03:17:58,072 - INFO - {'SNN_KaaIoTData_description': [('device', 0.9996758103370667), ('entities', 0.9996622204780579), ('comment', 0.9996606111526489), ('smart', 0.9996235966682434), ('example', 0.9995884299278259), ('entity', 0.9995752573013306), ('core', 0.999528706073761), ('making', 0.9995186924934387), ('actuation', 0.9995172619819641), ('skos', 0.9995021820068359)], 'SNN_KaaIoTData_temperature': [('entity', 0.9993777275085449), ('actuation', 0.9992967844009399), ('device', 0.9992927312850952), ('observation', 0.9992895126342773), ('comment', 0.9992710947990417), ('smart', 0.9992267489433289), ('http', 0.9992265105247498), ('core', 0.9991766810417175), ('example', 0.9991719722747803), ('activity', 0.9991582036018372)], 'SNN_KaaIoTData_name': [('description', 0.9982954263687134), ('prefix', 0.9982163310050964), ('sensor', 0.998174786567688), ('smart', 0.9981611371040344), ('project', 0.9981566667556763), ('device', 0.9981525540351868), ('comment', 0.9981207251548767), ('making', 0.9980543851852417), ('truck', 0.9980394840240479), ('example', 0.9980318546295166)], 'SNN_KaaIoTData_values': [('classes', 0.3550916910171509), ('vocabulary', 0.3323603868484497), ('versioninfo', 0.3201250731945038), ('hasdescription', 0.3179854452610016), ('hasserviceinterface', 0.31713882088661194), ('platformcomponent', 0.3162893056869507), ('implements', 0.3154580891132355), ('modified', 0.30792784690856934), ('contact', 0.30685219168663025), ('hassemantics', 0.29174864292144775)]}
2023-07-30 03:17:58,114 - INFO - {'SNN_KaaIoTData_description': [('device', 0.9996758103370667), ('entities', 0.9996622204780579), ('comment', 0.9996606111526489), ('smart', 0.9996235966682434), ('example', 0.9995884299278259), ('entity', 0.9995752573013306), ('core', 0.999528706073761), ('making', 0.9995186924934387), ('actuation', 0.9995172619819641), ('skos', 0.9995021820068359)], 'SNN_KaaIoTData_temperature': [('entity', 0.9993777275085449), ('actuation', 0.9992967844009399), ('device', 0.9992927312850952), ('observation', 0.9992895126342773), ('comment', 0.9992710947990417), ('smart', 0.9992267489433289), ('http', 0.9992265105247498), ('core', 0.9991766810417175), ('example', 0.9991719722747803), ('activity', 0.9991582036018372)], 'SNN_KaaIoTData_name': [('description', 0.9982954263687134), ('prefix', 0.9982163310050964), ('sensor', 0.998174786567688), ('smart', 0.9981611371040344), ('project', 0.9981566667556763), ('device', 0.9981525540351868), ('comment', 0.9981207251548767), ('making', 0.9980543851852417), ('truck', 0.9980394840240479), ('example', 0.9980318546295166)], 'SNN_KaaIoTData_values': [('classes', 0.3550916910171509), ('vocabulary', 0.3323603868484497), ('versioninfo', 0.3201250731945038), ('hasdescription', 0.3179854452610016), ('hasserviceinterface', 0.31713882088661194), ('platformcomponent', 0.3162893056869507), ('implements', 0.3154580891132355), ('modified', 0.30792784690856934), ('contact', 0.30685219168663025), ('hassemantics', 0.29174864292144775)], 'SNN_KaaIoTData_sensor': [('description', 0.9994522929191589), ('device', 0.9993744492530823), ('comment', 0.9993726015090942), ('entity', 0.9993550777435303), ('smart', 0.9993282556533813), ('entities', 0.9993276596069336), ('example', 0.9993087649345398), ('prefix', 0.9992552399635315), ('core', 0.9992328882217407), ('making', 0.9991874694824219)]}
2023-07-30 03:17:58,180 - INFO - {'WatERPOntology_KaaIoTData_description': [('life', 0.9993299841880798), ('might', 0.999054491519928), ('similar', 0.9989609718322754), ('maintenance', 0.9989172220230103), ('systems', 0.9988533854484558), ('observations', 0.9987777471542358), ('methods', 0.9987645745277405), ('defined', 0.9987622499465942), ('power', 0.9987598061561584), ('number', 0.998697817325592)]}
2023-07-30 03:17:58,197 - INFO - {'WatERPOntology_KaaIoTData_description': [('life', 0.9993299841880798), ('might', 0.999054491519928), ('similar', 0.9989609718322754), ('maintenance', 0.9989172220230103), ('systems', 0.9988533854484558), ('observations', 0.9987777471542358), ('methods', 0.9987645745277405), ('defined', 0.9987622499465942), ('power', 0.9987598061561584), ('number', 0.998697817325592)], 'WatERPOntology_KaaIoTData_temperature': [('time', 0.9986417889595032), ('platform', 0.9985551238059998), ('capability', 0.9985066652297974), ('made', 0.9980382919311523), ('used', 0.9980096220970154), ('measurement', 0.9979623556137085), ('deployed', 0.9978712201118469), ('operating', 0.9977400302886963), ('range', 0.997103214263916), ('exactmatch', 0.9970757961273193)]}
2023-07-30 03:17:58,221 - INFO - {'WatERPOntology_KaaIoTData_description': [('life', 0.9993299841880798), ('might', 0.999054491519928), ('similar', 0.9989609718322754), ('maintenance', 0.9989172220230103), ('systems', 0.9988533854484558), ('observations', 0.9987777471542358), ('methods', 0.9987645745277405), ('defined', 0.9987622499465942), ('power', 0.9987598061561584), ('number', 0.998697817325592)], 'WatERPOntology_KaaIoTData_temperature': [('time', 0.9986417889595032), ('platform', 0.9985551238059998), ('capability', 0.9985066652297974), ('made', 0.9980382919311523), ('used', 0.9980096220970154), ('measurement', 0.9979623556137085), ('deployed', 0.9978712201118469), ('operating', 0.9977400302886963), ('range', 0.997103214263916), ('exactmatch', 0.9970757961273193)], 'WatERPOntology_KaaIoTData_value': [('source', 0.9985067248344421), ('etc', 0.9984029531478882), ('quality', 0.9982165098190308), ('observation', 0.9977765083312988), ('amp', 0.9976223707199097), ('event', 0.9970207810401917), ('system', 0.9967902302742004), ('feature', 0.996396541595459), ('situation', 0.9962309002876282), ('result', 0.9950055480003357)]}
2023-07-30 03:17:58,244 - INFO - {'WatERPOntology_KaaIoTData_description': [('life', 0.9993299841880798), ('might', 0.999054491519928), ('similar', 0.9989609718322754), ('maintenance', 0.9989172220230103), ('systems', 0.9988533854484558), ('observations', 0.9987777471542358), ('methods', 0.9987645745277405), ('defined', 0.9987622499465942), ('power', 0.9987598061561584), ('number', 0.998697817325592)], 'WatERPOntology_KaaIoTData_temperature': [('time', 0.9986417889595032), ('platform', 0.9985551238059998), ('capability', 0.9985066652297974), ('made', 0.9980382919311523), ('used', 0.9980096220970154), ('measurement', 0.9979623556137085), ('deployed', 0.9978712201118469), ('operating', 0.9977400302886963), ('range', 0.997103214263916), ('exactmatch', 0.9970757961273193)], 'WatERPOntology_KaaIoTData_value': [('source', 0.9985067248344421), ('etc', 0.9984029531478882), ('quality', 0.9982165098190308), ('observation', 0.9977765083312988), ('amp', 0.9976223707199097), ('event', 0.9970207810401917), ('system', 0.9967902302742004), ('feature', 0.996396541595459), ('situation', 0.9962309002876282), ('result', 0.9950055480003357)], 'WatERPOntology_KaaIoTData_values': [('observed', 0.9994007349014282), ('particular', 0.9987568855285645), ('example', 0.9987043142318726), ('range', 0.998437225818634), ('act', 0.9983362555503845), ('procedure', 0.9982950687408447), ('described', 0.9982401728630066), ('entity', 0.998091459274292), ('skos', 0.9980775117874146), ('associated', 0.9980522394180298)]}
2023-07-30 03:17:58,306 - INFO - {'WatERPOntology_KaaIoTData_description': [('life', 0.9993299841880798), ('might', 0.999054491519928), ('similar', 0.9989609718322754), ('maintenance', 0.9989172220230103), ('systems', 0.9988533854484558), ('observations', 0.9987777471542358), ('methods', 0.9987645745277405), ('defined', 0.9987622499465942), ('power', 0.9987598061561584), ('number', 0.998697817325592)], 'WatERPOntology_KaaIoTData_temperature': [('time', 0.9986417889595032), ('platform', 0.9985551238059998), ('capability', 0.9985066652297974), ('made', 0.9980382919311523), ('used', 0.9980096220970154), ('measurement', 0.9979623556137085), ('deployed', 0.9978712201118469), ('operating', 0.9977400302886963), ('range', 0.997103214263916), ('exactmatch', 0.9970757961273193)], 'WatERPOntology_KaaIoTData_value': [('source', 0.9985067248344421), ('etc', 0.9984029531478882), ('quality', 0.9982165098190308), ('observation', 0.9977765083312988), ('amp', 0.9976223707199097), ('event', 0.9970207810401917), ('system', 0.9967902302742004), ('feature', 0.996396541595459), ('situation', 0.9962309002876282), ('result', 0.9950055480003357)], 'WatERPOntology_KaaIoTData_values': [('observed', 0.9994007349014282), ('particular', 0.9987568855285645), ('example', 0.9987043142318726), ('range', 0.998437225818634), ('act', 0.9983362555503845), ('procedure', 0.9982950687408447), ('described', 0.9982401728630066), ('entity', 0.998091459274292), ('skos', 0.9980775117874146), ('associated', 0.9980522394180298)], 'WatERPOntology_KaaIoTData_sensor': [('property', 0.9987428784370422), ('vim', 0.9928433895111084), ('model', 0.9918489456176758), ('seealso', 0.9900051355361938), ('observation', 0.9880499243736267), ('dis', 0.9864636659622192), ('amp', 0.9837527871131897), ('observationvalue', 0.9832711815834045), ('featureofinterest', 0.983167290687561), ('etc', 0.9786307215690613)]}
2023-07-30 03:17:58,351 - INFO - {'WatERPOntology_KaaIoTData_description': [('life', 0.9993299841880798), ('might', 0.999054491519928), ('similar', 0.9989609718322754), ('maintenance', 0.9989172220230103), ('systems', 0.9988533854484558), ('observations', 0.9987777471542358), ('methods', 0.9987645745277405), ('defined', 0.9987622499465942), ('power', 0.9987598061561584), ('number', 0.998697817325592)], 'WatERPOntology_KaaIoTData_temperature': [('time', 0.9986417889595032), ('platform', 0.9985551238059998), ('capability', 0.9985066652297974), ('made', 0.9980382919311523), ('used', 0.9980096220970154), ('measurement', 0.9979623556137085), ('deployed', 0.9978712201118469), ('operating', 0.9977400302886963), ('range', 0.997103214263916), ('exactmatch', 0.9970757961273193)], 'WatERPOntology_KaaIoTData_value': [('source', 0.9985067248344421), ('etc', 0.9984029531478882), ('quality', 0.9982165098190308), ('observation', 0.9977765083312988), ('amp', 0.9976223707199097), ('event', 0.9970207810401917), ('system', 0.9967902302742004), ('feature', 0.996396541595459), ('situation', 0.9962309002876282), ('result', 0.9950055480003357)], 'WatERPOntology_KaaIoTData_values': [('observed', 0.9994007349014282), ('particular', 0.9987568855285645), ('example', 0.9987043142318726), ('range', 0.998437225818634), ('act', 0.9983362555503845), ('procedure', 0.9982950687408447), ('described', 0.9982401728630066), ('entity', 0.998091459274292), ('skos', 0.9980775117874146), ('associated', 0.9980522394180298)], 'WatERPOntology_KaaIoTData_sensor': [('property', 0.9987428784370422), ('vim', 0.9928433895111084), ('model', 0.9918489456176758), ('seealso', 0.9900051355361938), ('observation', 0.9880499243736267), ('dis', 0.9864636659622192), ('amp', 0.9837527871131897), ('observationvalue', 0.9832711815834045), ('featureofinterest', 0.983167290687561), ('etc', 0.9786307215690613)], 'WatERPOntology_KaaIoTData_model': [('sensor', 0.9918490052223206), ('property', 0.9884204268455505), ('seealso', 0.9870817065238953), ('vim', 0.984007716178894), ('dis', 0.980114221572876), ('observationvalue', 0.9772930145263672), ('haspart', 0.9767994284629822), ('featureofinterest', 0.9749859571456909), ('observation', 0.9740099310874939), ('amp', 0.9725711941719055)]}
2023-07-30 03:17:58,353 - INFO - 
IoT Similarities to Ontologies: 
2023-07-30 03:17:58,353 - INFO - {'GOIoTP_KaaIoTData': {'GOIoTP_KaaIoTData_description': [('device', 0.9996758103370667), ('entities', 0.9996622204780579), ('comment', 0.9996606111526489), ('smart', 0.9996235966682434), ('example', 0.9995884299278259), ('entity', 0.9995752573013306), ('core', 0.999528706073761), ('making', 0.9995186924934387), ('actuation', 0.9995172619819641), ('skos', 0.9995021820068359)], 'GOIoTP_KaaIoTData_temperature': [('entity', 0.9993777275085449), ('actuation', 0.9992967844009399), ('device', 0.9992927312850952), ('observation', 0.9992895126342773), ('comment', 0.9992710947990417), ('smart', 0.9992267489433289), ('http', 0.9992265105247498), ('core', 0.9991766810417175), ('example', 0.9991719722747803), ('activity', 0.9991582036018372)], 'GOIoTP_KaaIoTData_name': [('description', 0.9982954263687134), ('prefix', 0.9982163310050964), ('sensor', 0.998174786567688), ('smart', 0.9981611371040344), ('project', 0.9981566667556763), ('device', 0.9981525540351868), ('comment', 0.9981207251548767), ('making', 0.9980543851852417), ('truck', 0.9980394840240479), ('example', 0.9980318546295166)], 'GOIoTP_KaaIoTData_values': [('classes', 0.3550916910171509), ('vocabulary', 0.3323603868484497), ('versioninfo', 0.3201250731945038), ('hasdescription', 0.3179854452610016), ('hasserviceinterface', 0.31713882088661194), ('platformcomponent', 0.3162893056869507), ('implements', 0.3154580891132355), ('modified', 0.30792784690856934), ('contact', 0.30685219168663025), ('hassemantics', 0.29174864292144775)], 'GOIoTP_KaaIoTData_sensor': [('description', 0.9994522929191589), ('device', 0.9993744492530823), ('comment', 0.9993726015090942), ('entity', 0.9993550777435303), ('smart', 0.9993282556533813), ('entities', 0.9993276596069336), ('example', 0.9993087649345398), ('prefix', 0.9992552399635315), ('core', 0.9992328882217407), ('making', 0.9991874694824219)]}, 'SNN_KaaIoTData': {'SNN_KaaIoTData_description': [('device', 0.9996758103370667), ('entities', 0.9996622204780579), ('comment', 0.9996606111526489), ('smart', 0.9996235966682434), ('example', 0.9995884299278259), ('entity', 0.9995752573013306), ('core', 0.999528706073761), ('making', 0.9995186924934387), ('actuation', 0.9995172619819641), ('skos', 0.9995021820068359)], 'SNN_KaaIoTData_temperature': [('entity', 0.9993777275085449), ('actuation', 0.9992967844009399), ('device', 0.9992927312850952), ('observation', 0.9992895126342773), ('comment', 0.9992710947990417), ('smart', 0.9992267489433289), ('http', 0.9992265105247498), ('core', 0.9991766810417175), ('example', 0.9991719722747803), ('activity', 0.9991582036018372)], 'SNN_KaaIoTData_name': [('description', 0.9982954263687134), ('prefix', 0.9982163310050964), ('sensor', 0.998174786567688), ('smart', 0.9981611371040344), ('project', 0.9981566667556763), ('device', 0.9981525540351868), ('comment', 0.9981207251548767), ('making', 0.9980543851852417), ('truck', 0.9980394840240479), ('example', 0.9980318546295166)], 'SNN_KaaIoTData_values': [('classes', 0.3550916910171509), ('vocabulary', 0.3323603868484497), ('versioninfo', 0.3201250731945038), ('hasdescription', 0.3179854452610016), ('hasserviceinterface', 0.31713882088661194), ('platformcomponent', 0.3162893056869507), ('implements', 0.3154580891132355), ('modified', 0.30792784690856934), ('contact', 0.30685219168663025), ('hassemantics', 0.29174864292144775)], 'SNN_KaaIoTData_sensor': [('description', 0.9994522929191589), ('device', 0.9993744492530823), ('comment', 0.9993726015090942), ('entity', 0.9993550777435303), ('smart', 0.9993282556533813), ('entities', 0.9993276596069336), ('example', 0.9993087649345398), ('prefix', 0.9992552399635315), ('core', 0.9992328882217407), ('making', 0.9991874694824219)]}, 'WatERPOntology_KaaIoTData': {'WatERPOntology_KaaIoTData_description': [('life', 0.9993299841880798), ('might', 0.999054491519928), ('similar', 0.9989609718322754), ('maintenance', 0.9989172220230103), ('systems', 0.9988533854484558), ('observations', 0.9987777471542358), ('methods', 0.9987645745277405), ('defined', 0.9987622499465942), ('power', 0.9987598061561584), ('number', 0.998697817325592)], 'WatERPOntology_KaaIoTData_temperature': [('time', 0.9986417889595032), ('platform', 0.9985551238059998), ('capability', 0.9985066652297974), ('made', 0.9980382919311523), ('used', 0.9980096220970154), ('measurement', 0.9979623556137085), ('deployed', 0.9978712201118469), ('operating', 0.9977400302886963), ('range', 0.997103214263916), ('exactmatch', 0.9970757961273193)], 'WatERPOntology_KaaIoTData_value': [('source', 0.9985067248344421), ('etc', 0.9984029531478882), ('quality', 0.9982165098190308), ('observation', 0.9977765083312988), ('amp', 0.9976223707199097), ('event', 0.9970207810401917), ('system', 0.9967902302742004), ('feature', 0.996396541595459), ('situation', 0.9962309002876282), ('result', 0.9950055480003357)], 'WatERPOntology_KaaIoTData_values': [('observed', 0.9994007349014282), ('particular', 0.9987568855285645), ('example', 0.9987043142318726), ('range', 0.998437225818634), ('act', 0.9983362555503845), ('procedure', 0.9982950687408447), ('described', 0.9982401728630066), ('entity', 0.998091459274292), ('skos', 0.9980775117874146), ('associated', 0.9980522394180298)], 'WatERPOntology_KaaIoTData_sensor': [('property', 0.9987428784370422), ('vim', 0.9928433895111084), ('model', 0.9918489456176758), ('seealso', 0.9900051355361938), ('observation', 0.9880499243736267), ('dis', 0.9864636659622192), ('amp', 0.9837527871131897), ('observationvalue', 0.9832711815834045), ('featureofinterest', 0.983167290687561), ('etc', 0.9786307215690613)], 'WatERPOntology_KaaIoTData_model': [('sensor', 0.9918490052223206), ('property', 0.9884204268455505), ('seealso', 0.9870817065238953), ('vim', 0.984007716178894), ('dis', 0.980114221572876), ('observationvalue', 0.9772930145263672), ('haspart', 0.9767994284629822), ('featureofinterest', 0.9749859571456909), ('observation', 0.9740099310874939), ('amp', 0.9725711941719055)]}}
2023-07-30 03:17:58,354 - INFO - Loading of DIIM data done!
2023-07-30 03:18:06,288 - INFO - http://www.iot4win.org.uk/diim/ontologies/dso#SSM_GOIoTP_sensor_KaaIoTData_sensor
2023-07-30 03:18:06,288 - INFO - 
2023-07-30 03:18:06,320 - INFO - http://www.iot4win.org.uk/diim/ontologies/dso#SSM_GOIoTP_sensor_KaaIoTData_sensor
2023-07-30 03:18:06,321 - INFO - 
2023-07-30 03:18:06,350 - INFO - http://www.iot4win.org.uk/diim/ontologies/dso#SSM_GOIoTP_sensor_KaaIoTData_sensor
2023-07-30 03:18:06,350 - INFO - 
2023-07-30 03:18:06,375 - INFO - http://www.iot4win.org.uk/diim/ontologies/dso#SSM_GOIoTP_sensor_KaaIoTData_sensor
2023-07-30 03:18:06,375 - INFO - 
2023-07-30 03:18:06,415 - INFO - http://www.iot4win.org.uk/diim/ontologies/dso#SSM_GOIoTP_sensor_KaaIoTData_sensor
2023-07-30 03:18:06,415 - INFO - 
2023-07-30 03:18:06,440 - INFO - http://www.iot4win.org.uk/diim/ontologies/dso#SSM_GOIoTP_sensor_KaaIoTData_sensor
2023-07-30 03:18:06,440 - INFO - 
2023-07-30 03:18:06,481 - INFO - http://www.iot4win.org.uk/diim/ontologies/dso#SSM_GOIoTP_sensor_KaaIoTData_sensor
2023-07-30 03:18:06,481 - INFO - 
2023-07-30 03:18:06,503 - INFO - http://www.iot4win.org.uk/diim/ontologies/dso#SSM_GOIoTP_sensor_KaaIoTData_sensor
2023-07-30 03:18:06,503 - INFO - 
2023-07-30 03:18:06,534 - INFO - http://www.iot4win.org.uk/diim/ontologies/dso#SSM_GOIoTP_sensor_KaaIoTData_sensor
2023-07-30 03:18:06,534 - INFO - 
2023-07-30 03:18:06,562 - INFO - http://www.iot4win.org.uk/diim/ontologies/dso#SSM_GOIoTP_sensor_KaaIoTData_sensor
2023-07-30 03:18:06,562 - INFO - 
2023-07-30 03:18:06,625 - INFO - http://www.iot4win.org.uk/diim/ontologies/dso#SSM_SNN_sensor_KaaIoTData_sensor
2023-07-30 03:18:06,625 - INFO - 
2023-07-30 03:18:06,660 - INFO - http://www.iot4win.org.uk/diim/ontologies/dso#SSM_SNN_sensor_KaaIoTData_sensor
2023-07-30 03:18:06,660 - INFO - 
2023-07-30 03:18:06,688 - INFO - http://www.iot4win.org.uk/diim/ontologies/dso#SSM_SNN_sensor_KaaIoTData_sensor
2023-07-30 03:18:06,689 - INFO - 
2023-07-30 03:18:06,726 - INFO - http://www.iot4win.org.uk/diim/ontologies/dso#SSM_SNN_sensor_KaaIoTData_sensor
2023-07-30 03:18:06,727 - INFO - 
2023-07-30 03:18:06,747 - INFO - http://www.iot4win.org.uk/diim/ontologies/dso#SSM_SNN_sensor_KaaIoTData_sensor
2023-07-30 03:18:06,747 - INFO - 
2023-07-30 03:18:06,782 - INFO - http://www.iot4win.org.uk/diim/ontologies/dso#SSM_SNN_sensor_KaaIoTData_sensor
2023-07-30 03:18:06,782 - INFO - 
2023-07-30 03:18:06,803 - INFO - http://www.iot4win.org.uk/diim/ontologies/dso#SSM_SNN_sensor_KaaIoTData_sensor
2023-07-30 03:18:06,803 - INFO - 
2023-07-30 03:18:06,838 - INFO - http://www.iot4win.org.uk/diim/ontologies/dso#SSM_SNN_sensor_KaaIoTData_sensor
2023-07-30 03:18:06,839 - INFO - 
2023-07-30 03:18:06,859 - INFO - http://www.iot4win.org.uk/diim/ontologies/dso#SSM_SNN_sensor_KaaIoTData_sensor
2023-07-30 03:18:06,859 - INFO - 
2023-07-30 03:18:06,884 - INFO - http://www.iot4win.org.uk/diim/ontologies/dso#SSM_SNN_sensor_KaaIoTData_sensor
2023-07-30 03:18:06,884 - INFO - 
2023-07-30 03:18:06,965 - INFO - http://www.iot4win.org.uk/diim/ontologies/dso#SSM_WatERPOntology_model_KaaIoTData_model
2023-07-30 03:18:06,966 - INFO - 
2023-07-30 03:18:06,995 - INFO - http://www.iot4win.org.uk/diim/ontologies/dso#SSM_WatERPOntology_model_KaaIoTData_model
2023-07-30 03:18:06,995 - INFO - 
2023-07-30 03:18:07,016 - INFO - http://www.iot4win.org.uk/diim/ontologies/dso#SSM_WatERPOntology_model_KaaIoTData_model
2023-07-30 03:18:07,016 - INFO - 
2023-07-30 03:18:07,053 - INFO - http://www.iot4win.org.uk/diim/ontologies/dso#SSM_WatERPOntology_model_KaaIoTData_model
2023-07-30 03:18:07,053 - INFO - 
2023-07-30 03:18:07,074 - INFO - http://www.iot4win.org.uk/diim/ontologies/dso#SSM_WatERPOntology_model_KaaIoTData_model
2023-07-30 03:18:07,074 - INFO - 
2023-07-30 03:18:07,111 - INFO - http://www.iot4win.org.uk/diim/ontologies/dso#SSM_WatERPOntology_model_KaaIoTData_model
2023-07-30 03:18:07,111 - INFO - 
2023-07-30 03:18:07,132 - INFO - http://www.iot4win.org.uk/diim/ontologies/dso#SSM_WatERPOntology_model_KaaIoTData_model
2023-07-30 03:18:07,133 - INFO - 
2023-07-30 03:18:07,167 - INFO - http://www.iot4win.org.uk/diim/ontologies/dso#SSM_WatERPOntology_model_KaaIoTData_model
2023-07-30 03:18:07,167 - INFO - 
2023-07-30 03:18:07,189 - INFO - http://www.iot4win.org.uk/diim/ontologies/dso#SSM_WatERPOntology_model_KaaIoTData_model
2023-07-30 03:18:07,190 - INFO - 
2023-07-30 03:18:07,240 - INFO - http://www.iot4win.org.uk/diim/ontologies/dso#SSM_WatERPOntology_model_KaaIoTData_model
2023-07-30 03:18:07,240 - INFO - 
